2026-05-05 16:34:01,307 - INFO - Bluetooth is available
2026-05-05 16:34:01,362 - INFO - Current Shelly relay state: True
2026-05-05 16:34:01,436 - INFO - Shelly relay turned OFF
2026-05-05 16:34:01,713 - INFO - Bluetooth is available
2026-05-05 16:34:01,777 - INFO - Current Shelly relay state: False
2026-05-05 16:34:01,831 - INFO - Shelly relay turned OFF
2026-05-05 16:34:31,493 - INFO - Shelly relay turned ON
2026-05-05 16:34:31,881 - INFO - Shelly relay turned ON
2026-05-05 16:41:40,536 - INFO - Bluetooth is available
2026-05-05 16:41:40,617 - INFO - Current Shelly relay state: True
2026-05-05 16:41:40,660 - INFO - Shelly relay turned OFF
2026-05-05 16:42:10,711 - INFO - Shelly relay turned ON
2026-05-05 16:54:24,898 - INFO - Bluetooth is available
2026-05-05 16:54:24,947 - INFO - Current Shelly relay state: True
2026-05-05 16:54:24,986 - INFO - Shelly relay turned OFF
2026-05-05 16:54:55,058 - INFO - Shelly relay turned ON
2026-05-05 17:52:50,573 - INFO - Bluetooth is available
2026-05-05 17:52:50,620 - INFO - Current Shelly relay state: True
2026-05-05 17:52:50,656 - INFO - Shelly relay turned OFF
2026-05-05 17:53:20,725 - INFO - Shelly relay turned ON
2026-05-05 17:58:13,282 - WARNING - Bluetooth not available yet: [org.freedesktop.DBus.Error.NoReply] Message recipient disconnected from message bus without replying
2026-05-05 17:59:04,019 - INFO - Bluetooth is available
2026-05-05 17:59:04,042 - INFO - Bluetooth is available
2026-05-05 17:59:04,093 - INFO - Current Shelly relay state: True
2026-05-05 17:59:04,152 - INFO - Shelly relay turned OFF
2026-05-05 17:59:04,224 - INFO - Bluetooth is available
2026-05-05 17:59:04,286 - INFO - Current Shelly relay state: False
2026-05-05 17:59:04,334 - INFO - Current Shelly relay state: False
2026-05-05 17:59:04,353 - INFO - Shelly relay turned OFF
2026-05-05 17:59:04,374 - INFO - Shelly relay turned OFF
2026-05-05 17:59:34,222 - INFO - Shelly relay turned ON
2026-05-05 17:59:34,417 - INFO - Shelly relay turned ON
2026-05-05 17:59:34,469 - INFO - Shelly relay turned ON
2026-05-05 18:04:05,255 - INFO - Bluetooth is available
2026-05-05 18:04:05,310 - INFO - Current Shelly relay state: False
2026-05-05 18:04:05,356 - INFO - Shelly relay turned OFF
2026-05-05 18:04:07,043 - INFO - Bluetooth is available
2026-05-05 18:04:07,072 - INFO - Current Shelly relay state: False
2026-05-05 18:04:07,110 - INFO - Shelly relay turned OFF
2026-05-05 18:04:35,975 - INFO - Shelly relay turned ON
2026-05-05 18:04:37,716 - INFO - Shelly relay turned ON
2026-05-05 18:20:23,080 - INFO - Bluetooth is available
2026-05-05 18:20:23,090 - INFO - Bluetooth is available
2026-05-05 18:20:23,142 - INFO - Current Shelly relay state: False
2026-05-05 18:20:23,176 - INFO - Current Shelly relay state: False
2026-05-05 18:20:23,199 - INFO - Shelly relay turned OFF
2026-05-05 18:20:23,223 - INFO - Shelly relay turned OFF
2026-05-05 18:20:23,225 - INFO - Bluetooth is available
2026-05-05 18:20:23,292 - INFO - Current Shelly relay state: False
2026-05-05 18:20:23,442 - INFO - Shelly relay turned OFF
2026-05-05 18:20:52,808 - INFO - Shelly relay turned ON
2026-05-05 18:20:52,843 - INFO - Shelly relay turned ON
2026-05-05 18:20:53,092 - INFO - Shelly relay turned ON
2026-05-06 14:08:56,836 - INFO - Bluetooth is available
2026-05-06 14:08:56,901 - INFO - Current Shelly relay state: False
2026-05-06 14:08:56,965 - INFO - Shelly relay turned OFF
2026-05-06 14:08:57,018 - INFO - Bluetooth is available
2026-05-06 14:08:57,050 - INFO - Current Shelly relay state: False
2026-05-06 14:08:57,078 - INFO - Shelly relay turned OFF
2026-05-06 14:09:27,023 - INFO - Shelly relay turned ON
2026-05-06 14:09:27,128 - INFO - Shelly relay turned ON
2026-05-06 14:19:08,230 - INFO - Bluetooth is available
2026-05-06 14:19:08,258 - INFO - Current Shelly relay state: False
2026-05-06 14:19:08,280 - INFO - Shelly relay turned OFF
2026-05-06 14:19:38,325 - INFO - Shelly relay turned ON
2026-05-07 10:01:05,092 - WARNING - Bluetooth not available yet: [org.bluez.Error.Failed] No discovery started
2026-05-07 10:01:07,823 - INFO - Bluetooth is available
2026-05-07 10:01:07,856 - INFO - Current Shelly relay state: False
2026-05-07 10:01:07,879 - INFO - Shelly relay turned OFF
2026-05-07 10:01:07,883 - INFO - Bluetooth is available
2026-05-07 10:01:07,910 - INFO - Current Shelly relay state: False
2026-05-07 10:01:07,931 - INFO - Shelly relay turned OFF
2026-05-07 10:01:09,145 - INFO - Bluetooth is available
2026-05-07 10:01:09,173 - INFO - Current Shelly relay state: False
2026-05-07 10:01:09,194 - INFO - Shelly relay turned OFF
2026-05-07 10:01:37,930 - INFO - Shelly relay turned ON
2026-05-07 10:01:37,984 - INFO - Shelly relay turned ON
2026-05-07 10:01:39,230 - INFO - Shelly relay turned ON
2026-05-08 09:29:14,708 - INFO - Bluetooth is available
2026-05-08 09:29:14,740 - INFO - Current Shelly relay state: False
2026-05-08 09:29:14,761 - INFO - Shelly relay turned OFF
2026-05-08 09:29:44,800 - INFO - Shelly relay turned ON
2026-05-08 14:36:59,925 - WARNING - Bluetooth not available yet: No powered Bluetooth adapters found.
2026-05-08 14:36:59,994 - WARNING - Bluetooth not available yet: No powered Bluetooth adapters found.
2026-05-08 14:37:03,948 - INFO - Bluetooth is available
2026-05-08 14:37:03,978 - INFO - Current Shelly relay state: True
2026-05-08 14:37:04,003 - INFO - Bluetooth is available
2026-05-08 14:37:04,005 - INFO - Shelly relay turned OFF
2026-05-08 14:37:04,051 - INFO - Current Shelly relay state: False
2026-05-08 14:37:04,075 - INFO - Shelly relay turned OFF
2026-05-08 14:37:04,570 - INFO - Bluetooth is available
2026-05-08 14:37:04,603 - INFO - Current Shelly relay state: False
2026-05-08 14:37:04,629 - INFO - Shelly relay turned OFF
2026-05-08 14:37:34,056 - INFO - Shelly relay turned ON
2026-05-08 14:37:34,124 - INFO - Shelly relay turned ON
2026-05-08 14:37:34,679 - INFO - Shelly relay turned ON
2026-05-09 09:00:19,974 - INFO - Bluetooth is available
2026-05-09 09:00:20,018 - INFO - Current Shelly relay state: False
2026-05-09 09:00:20,034 - INFO - Bluetooth is available
2026-05-09 09:00:20,057 - INFO - Shelly relay turned OFF
2026-05-09 09:00:20,080 - INFO - Current Shelly relay state: False
2026-05-09 09:00:20,118 - INFO - Shelly relay turned OFF
2026-05-09 09:00:50,106 - INFO - Shelly relay turned ON
2026-05-09 09:00:50,167 - INFO - Shelly relay turned ON
2026-05-11 06:58:37,550 - INFO - Bluetooth is available
2026-05-11 06:58:37,620 - INFO - Current Shelly relay state: False
2026-05-11 06:58:38,082 - INFO - Shelly relay turned OFF
2026-05-11 06:58:39,953 - INFO - Bluetooth is available
2026-05-11 06:58:39,984 - INFO - Current Shelly relay state: False
2026-05-11 06:58:40,052 - INFO - Shelly relay turned OFF
2026-05-11 06:58:40,127 - INFO - Bluetooth is available
2026-05-11 06:58:40,161 - INFO - Current Shelly relay state: False
2026-05-11 06:58:40,189 - INFO - Shelly relay turned OFF
2026-05-11 06:59:06,189 - INFO - Shelly relay turned ON
2026-05-11 06:59:08,157 - INFO - Shelly relay turned ON
2026-05-11 06:59:08,283 - INFO - Shelly relay turned ON
2026-05-12 06:30:48,881 - WARNING - Bluetooth not available yet: No powered Bluetooth adapters found.
2026-05-12 06:30:51,120 - INFO - Bluetooth is available
2026-05-12 06:30:51,165 - INFO - Current Shelly relay state: False
2026-05-12 06:30:51,211 - INFO - Shelly relay turned OFF
2026-05-12 06:30:52,892 - INFO - Bluetooth is available
2026-05-12 06:30:52,928 - INFO - Current Shelly relay state: False
2026-05-12 06:30:52,952 - INFO - Shelly relay turned OFF
2026-05-12 06:30:53,358 - INFO - Bluetooth is available
2026-05-12 06:30:53,390 - INFO - Current Shelly relay state: False
2026-05-12 06:30:53,412 - INFO - Shelly relay turned OFF
2026-05-12 06:31:21,236 - INFO - Shelly relay turned ON
2026-05-12 06:31:23,007 - INFO - Shelly relay turned ON
2026-05-12 06:31:23,462 - INFO - Shelly relay turned ON
2026-05-12 06:54:10,374 - WARNING - Bluetooth not available yet: No powered Bluetooth adapters found.
2026-05-12 06:54:14,416 - INFO - Bluetooth is available
2026-05-12 06:54:14,443 - INFO - Current Shelly relay state: False
2026-05-12 06:54:14,478 - INFO - Shelly relay turned OFF
2026-05-12 06:54:15,145 - INFO - Bluetooth is available
2026-05-12 06:54:15,199 - INFO - Current Shelly relay state: False
2026-05-12 06:54:15,229 - INFO - Shelly relay turned OFF
2026-05-12 06:54:44,529 - INFO - Shelly relay turned ON
2026-05-12 06:54:45,296 - INFO - Shelly relay turned ON
2026-05-12 06:56:15,559 - WARNING - Bluetooth not available yet: No powered Bluetooth adapters found.
2026-05-12 06:56:15,570 - WARNING - Bluetooth not available yet: No powered Bluetooth adapters found.
2026-05-12 06:56:19,582 - INFO - Bluetooth is available
2026-05-12 06:56:19,590 - INFO - Bluetooth is available
2026-05-12 06:56:19,612 - INFO - Current Shelly relay state: False
2026-05-12 06:56:19,639 - INFO - Current Shelly relay state: False
2026-05-12 06:56:19,669 - INFO - Shelly relay turned OFF
2026-05-12 06:56:19,697 - INFO - Shelly relay turned OFF
2026-05-12 06:56:20,290 - INFO - Bluetooth is available
2026-05-12 06:56:20,318 - INFO - Current Shelly relay state: False
2026-05-12 06:56:20,343 - INFO - Shelly relay turned OFF
2026-05-12 06:56:49,720 - INFO - Shelly relay turned ON
2026-05-12 06:56:49,765 - INFO - Shelly relay turned ON
2026-05-12 06:56:50,386 - INFO - Shelly relay turned ON
2026-05-13 06:30:49,165 - WARNING - Bluetooth not available yet: No powered Bluetooth adapters found.
2026-05-13 06:30:49,205 - WARNING - Bluetooth not available yet: No powered Bluetooth adapters found.
2026-05-13 06:30:52,479 - INFO - Bluetooth is available
2026-05-13 06:30:52,507 - INFO - Current Shelly relay state: False
2026-05-13 06:30:52,529 - INFO - Shelly relay turned OFF
2026-05-13 06:30:53,174 - INFO - Bluetooth is available
2026-05-13 06:30:53,208 - INFO - Current Shelly relay state: False
2026-05-13 06:30:53,232 - INFO - Shelly relay turned OFF
2026-05-13 06:30:53,239 - INFO - Bluetooth is available
2026-05-13 06:30:53,266 - INFO - Current Shelly relay state: False
2026-05-13 06:30:53,291 - INFO - Shelly relay turned OFF
2026-05-13 06:31:21,830 - INFO - Shelly relay turned ON
2026-05-13 06:31:22,533 - INFO - Shelly relay turned ON
2026-05-13 06:31:22,591 - INFO - Shelly relay turned ON
2026-05-14 06:30:48,681 - INFO - Bluetooth is available
2026-05-14 06:30:48,709 - INFO - Current Shelly relay state: False
2026-05-14 06:30:48,738 - INFO - Shelly relay turned OFF
2026-05-14 06:31:18,793 - INFO - Shelly relay turned ON
2026-05-15 06:30:47,829 - INFO - Bluetooth is available
2026-05-15 06:30:47,901 - INFO - Current Shelly relay state: False
2026-05-15 06:30:47,957 - INFO - Shelly relay turned OFF
2026-05-15 06:30:50,149 - INFO - Bluetooth is available
2026-05-15 06:30:50,188 - INFO - Current Shelly relay state: False
2026-05-15 06:30:50,216 - INFO - Shelly relay turned OFF
2026-05-15 06:31:17,402 - INFO - Shelly relay turned ON
2026-05-15 06:31:19,657 - INFO - Shelly relay turned ON
2026-05-18 06:30:54,013 - INFO - Bluetooth is available
2026-05-18 06:30:54,061 - INFO - Current Shelly relay state: False
2026-05-18 06:30:54,094 - INFO - Shelly relay turned OFF
2026-05-18 06:30:55,314 - INFO - Bluetooth is available
2026-05-18 06:30:55,340 - INFO - Current Shelly relay state: False
2026-05-18 06:30:55,363 - INFO - Shelly relay turned OFF
2026-05-18 06:31:24,144 - INFO - Shelly relay turned ON
2026-05-18 06:31:25,414 - INFO - Shelly relay turned ON
2026-05-18 13:47:02,447 - WARNING - Bluetooth not available yet: No powered Bluetooth adapters found.
2026-05-18 13:47:06,522 - INFO - Bluetooth is available
2026-05-18 13:47:06,568 - INFO - Current Shelly relay state: False
2026-05-18 13:47:06,616 - INFO - Shelly relay turned OFF
2026-05-18 13:47:06,624 - INFO - Bluetooth is available
2026-05-18 13:47:06,677 - INFO - Current Shelly relay state: False
2026-05-18 13:47:06,714 - INFO - Shelly relay turned OFF
2026-05-18 13:47:36,673 - INFO - Shelly relay turned ON
2026-05-18 13:47:36,770 - INFO - Shelly relay turned ON
2026-05-19 06:30:50,575 - WARNING - Bluetooth not available yet: No powered Bluetooth adapters found.
2026-05-19 06:30:50,613 - WARNING - Bluetooth not available yet: No powered Bluetooth adapters found.
2026-05-19 06:30:54,611 - INFO - Bluetooth is available
2026-05-19 06:30:54,628 - INFO - Bluetooth is available
2026-05-19 06:30:54,649 - INFO - Current Shelly relay state: False
2026-05-19 06:30:54,675 - INFO - Current Shelly relay state: False
2026-05-19 06:30:54,699 - INFO - Shelly relay turned OFF
2026-05-19 06:30:54,725 - INFO - Shelly relay turned OFF
2026-05-19 06:30:55,498 - INFO - Bluetooth is available
2026-05-19 06:30:55,534 - INFO - Current Shelly relay state: False
2026-05-19 06:30:55,558 - INFO - Shelly relay turned OFF
2026-05-19 06:31:23,429 - INFO - Shelly relay turned ON
2026-05-19 06:31:23,475 - INFO - Shelly relay turned ON
2026-05-19 06:31:24,296 - INFO - Shelly relay turned ON
2026-05-20 06:30:50,866 - INFO - Bluetooth is available
2026-05-20 06:30:50,901 - INFO - Bluetooth is available
2026-05-20 06:30:50,944 - INFO - Current Shelly relay state: False
2026-05-20 06:30:50,977 - INFO - Shelly relay turned OFF
2026-05-20 06:30:51,310 - INFO - Bluetooth is available
2026-05-20 06:30:51,373 - INFO - Current Shelly relay state: False
2026-05-20 06:30:51,425 - INFO - Shelly relay turned OFF
2026-05-20 06:30:51,996 - INFO - Current Shelly relay state: False
2026-05-20 06:30:52,069 - INFO - Shelly relay turned OFF
2026-05-20 06:31:20,334 - INFO - Shelly relay turned ON
2026-05-20 06:31:20,781 - INFO - Shelly relay turned ON
2026-05-20 06:31:21,424 - INFO - Shelly relay turned ON
2026-05-21 06:30:47,783 - INFO - Bluetooth is available
2026-05-21 06:30:47,818 - INFO - Current Shelly relay state: False
2026-05-21 06:30:47,840 - INFO - Shelly relay turned OFF
2026-05-21 06:30:49,906 - INFO - Bluetooth is available
2026-05-21 06:30:49,932 - INFO - Current Shelly relay state: False
2026-05-21 06:30:49,962 - INFO - Shelly relay turned OFF
2026-05-21 06:30:50,119 - INFO - Bluetooth is available
2026-05-21 06:30:50,147 - INFO - Current Shelly relay state: False
2026-05-21 06:30:50,176 - INFO - Shelly relay turned OFF
2026-05-21 06:31:15,511 - INFO - Shelly relay turned ON
2026-05-21 06:31:17,640 - INFO - Shelly relay turned ON
2026-05-21 06:31:17,848 - INFO - Shelly relay turned ON
2026-05-21 07:21:34,725 - WARNING - Bluetooth not available yet: No powered Bluetooth adapters found.
2026-05-21 07:21:38,756 - INFO - Bluetooth is available
2026-05-21 07:21:38,818 - INFO - Current Shelly relay state: True
2026-05-21 07:21:38,859 - INFO - Shelly relay turned OFF
2026-05-21 07:21:39,014 - INFO - Bluetooth is available
2026-05-21 07:21:39,070 - INFO - Current Shelly relay state: False
2026-05-21 07:21:39,116 - INFO - Shelly relay turned OFF
2026-05-21 07:21:39,296 - INFO - Bluetooth is available
2026-05-21 07:21:39,344 - INFO - Current Shelly relay state: False
2026-05-21 07:21:39,378 - INFO - Shelly relay turned OFF
2026-05-21 07:22:08,259 - INFO - Shelly relay turned ON
2026-05-21 07:22:08,518 - INFO - Shelly relay turned ON
2026-05-21 07:22:08,783 - INFO - Shelly relay turned ON
2026-05-21 07:24:37,462 - INFO - Bluetooth is available
2026-05-21 07:24:37,469 - INFO - Bluetooth is available
2026-05-21 07:24:37,517 - INFO - Current Shelly relay state: True
2026-05-21 07:24:37,532 - INFO - Current Shelly relay state: True
2026-05-21 07:24:37,560 - INFO - Shelly relay turned OFF
2026-05-21 07:24:37,601 - INFO - Shelly relay turned OFF
2026-05-21 07:24:37,726 - INFO - Bluetooth is available
2026-05-21 07:24:37,771 - INFO - Current Shelly relay state: False
2026-05-21 07:24:37,806 - INFO - Shelly relay turned OFF
2026-05-21 07:25:07,620 - INFO - Shelly relay turned ON
2026-05-21 07:25:07,855 - INFO - Shelly relay turned ON
2026-05-21 07:25:08,708 - INFO - Shelly relay turned ON
2026-05-21 13:33:02,253 - INFO - Bluetooth is available
2026-05-21 13:33:02,305 - INFO - Current Shelly relay state: True
2026-05-21 13:33:02,348 - INFO - Shelly relay turned OFF
2026-05-21 13:33:32,399 - INFO - Shelly relay turned ON
2026-05-21 13:44:49,083 - INFO - Bluetooth is available
2026-05-21 13:44:49,130 - INFO - Current Shelly relay state: False
2026-05-21 13:44:49,167 - INFO - Shelly relay turned OFF
2026-05-21 13:44:51,516 - INFO - Bluetooth is available
2026-05-21 13:44:51,560 - INFO - Current Shelly relay state: False
2026-05-21 13:44:51,596 - INFO - Shelly relay turned OFF
2026-05-21 13:45:19,218 - INFO - Shelly relay turned ON
2026-05-21 13:45:21,647 - INFO - Shelly relay turned ON
