🚀 Boot launch started at Fr 22. Mai 14:08:08 CEST 2026
🐍 Activating Python virtual environment...
🚀 Starting FastAPI backend...
🌐 Starting Vite frontend...
⏳ Waiting for frontend to become available at http://localhost:5173 ...
… frontend not up yet, retrying...
… frontend not up yet, retrying...
… frontend not up yet, retrying...
… frontend not up yet, retrying...
… frontend not up yet, retrying...
… frontend not up yet, retrying...
… frontend not up yet, retrying...
✅ Frontend is now reachable.
⚡ Triggering PM5 wake via Shelly...
🔎 Checking Bluetooth availability...
✅ Bluetooth is available
🔎 Querying Shelly status...
❌ Shelly request failed: HTTPConnectionPool(host='172.19.7.51', port=80): Max retries exceeded with url: /rpc/Switch.GetStatus?id=1 (Caused by ConnectTimeoutError(<HTTPConnection(host='172.19.7.51', port=80) at 0x704f63fa6980>, 'Connection to 172.19.7.51 timed out. (connect timeout=5)'))
⏳ Waiting 6 seconds for PM5 to boot and begin BLE advertising...
✅ PM5 wake sequence completed.
🔁 Re-checking frontend availability after Shelly wake...
✅ Frontend still reachable.
🖥️ Launching Chromium browser in kiosk mode...
